  Appartment.cpp
  Building.cpp
  CountryHouse.cpp
  Source.cpp
D:\programming-c-2022-autumn\2023.10.20-Homework-3\Task1\Source.cpp(39,13): warning C4244: аргумент: преобразование "time_t" в "unsigned int", возможна потеря данных
D:\programming-c-2022-autumn\2023.10.20-Homework-3\Task1\Source.cpp(44): error C2259: "Appartment": невозможно создать экземпляр абстрактного класса
D:\programming-c-2022-autumn\2023.10.20-Homework-3\Task1\Appartment.h(3): message : см. объявление "Appartment"
D:\programming-c-2022-autumn\2023.10.20-Homework-3\Task1\Source.cpp(44): message : из-за следующих членов:
D:\programming-c-2022-autumn\2023.10.20-Homework-3\Task1\Source.cpp(44): message : bool Building::GetGaz(void): абстрактный
D:\programming-c-2022-autumn\2023.10.20-Homework-3\Task1\Building.h(21): message : см. объявление "Building::GetGaz"
D:\programming-c-2022-autumn\2023.10.20-Homework-3\Task1\Source.cpp(44): message : bool Building::GetElectricity(void): абстрактный
D:\programming-c-2022-autumn\2023.10.20-Homework-3\Task1\Building.h(22): message : см. объявление "Building::GetElectricity"
D:\programming-c-2022-autumn\2023.10.20-Homework-3\Task1\Source.cpp(44): message : bool Building::GetCanalization(void): абстрактный
D:\programming-c-2022-autumn\2023.10.20-Homework-3\Task1\Building.h(23): message : см. объявление "Building::GetCanalization"
D:\programming-c-2022-autumn\2023.10.20-Homework-3\Task1\Source.cpp(44): message : void Building::SetGaz(bool): абстрактный
D:\programming-c-2022-autumn\2023.10.20-Homework-3\Task1\Building.h(24): message : см. объявление "Building::SetGaz"
D:\programming-c-2022-autumn\2023.10.20-Homework-3\Task1\Source.cpp(44): message : void Building::SetElectricity(bool): абстрактный
D:\programming-c-2022-autumn\2023.10.20-Homework-3\Task1\Building.h(25): message : см. объявление "Building::SetElectricity"
D:\programming-c-2022-autumn\2023.10.20-Homework-3\Task1\Source.cpp(44): message : void Building::SetCanalization(bool): абстрактный
D:\programming-c-2022-autumn\2023.10.20-Homework-3\Task1\Building.h(26): message : см. объявление "Building::SetCanalization"
D:\programming-c-2022-autumn\2023.10.20-Homework-3\Task1\Source.cpp(44,27): error C2259: "Appartment": невозможно создать экземпляр абстрактного класса
D:\programming-c-2022-autumn\2023.10.20-Homework-3\Task1\Appartment.h(3): message : см. объявление "Appartment"
D:\programming-c-2022-autumn\2023.10.20-Homework-3\Task1\Source.cpp(44,27): message : из-за следующих членов:
D:\programming-c-2022-autumn\2023.10.20-Homework-3\Task1\Source.cpp(44,27): message : bool Building::GetGaz(void): абстрактный
D:\programming-c-2022-autumn\2023.10.20-Homework-3\Task1\Building.h(21): message : см. объявление "Building::GetGaz"
D:\programming-c-2022-autumn\2023.10.20-Homework-3\Task1\Source.cpp(44,27): message : bool Building::GetElectricity(void): абстрактный
D:\programming-c-2022-autumn\2023.10.20-Homework-3\Task1\Building.h(22): message : см. объявление "Building::GetElectricity"
D:\programming-c-2022-autumn\2023.10.20-Homework-3\Task1\Source.cpp(44,27): message : bool Building::GetCanalization(void): абстрактный
D:\programming-c-2022-autumn\2023.10.20-Homework-3\Task1\Building.h(23): message : см. объявление "Building::GetCanalization"
D:\programming-c-2022-autumn\2023.10.20-Homework-3\Task1\Source.cpp(44,27): message : void Building::SetGaz(bool): абстрактный
D:\programming-c-2022-autumn\2023.10.20-Homework-3\Task1\Building.h(24): message : см. объявление "Building::SetGaz"
D:\programming-c-2022-autumn\2023.10.20-Homework-3\Task1\Source.cpp(44,27): message : void Building::SetElectricity(bool): абстрактный
D:\programming-c-2022-autumn\2023.10.20-Homework-3\Task1\Building.h(25): message : см. объявление "Building::SetElectricity"
D:\programming-c-2022-autumn\2023.10.20-Homework-3\Task1\Source.cpp(44,27): message : void Building::SetCanalization(bool): абстрактный
D:\programming-c-2022-autumn\2023.10.20-Homework-3\Task1\Building.h(26): message : см. объявление "Building::SetCanalization"
D:\programming-c-2022-autumn\2023.10.20-Homework-3\Task1\Source.cpp(49): error C2259: "CountryHouse": невозможно создать экземпляр абстрактного класса
D:\programming-c-2022-autumn\2023.10.20-Homework-3\Task1\CountryHouse.h(3): message : см. объявление "CountryHouse"
D:\programming-c-2022-autumn\2023.10.20-Homework-3\Task1\Source.cpp(49): message : из-за следующих членов:
D:\programming-c-2022-autumn\2023.10.20-Homework-3\Task1\Source.cpp(49): message : double Building::GetFloor(void): абстрактный
D:\programming-c-2022-autumn\2023.10.20-Homework-3\Task1\Building.h(16): message : см. объявление "Building::GetFloor"
D:\programming-c-2022-autumn\2023.10.20-Homework-3\Task1\Source.cpp(49): message : double Building::GetComfortclass(void): абстрактный
D:\programming-c-2022-autumn\2023.10.20-Homework-3\Task1\Building.h(17): message : см. объявление "Building::GetComfortclass"
D:\programming-c-2022-autumn\2023.10.20-Homework-3\Task1\Source.cpp(49): message : void Building::SetFloor(int): абстрактный
D:\programming-c-2022-autumn\2023.10.20-Homework-3\Task1\Building.h(18): message : см. объявление "Building::SetFloor"
D:\programming-c-2022-autumn\2023.10.20-Homework-3\Task1\Source.cpp(49): message : void Building::SetComfortclass(int): абстрактный
D:\programming-c-2022-autumn\2023.10.20-Homework-3\Task1\Building.h(19): message : см. объявление "Building::SetComfortclass"
D:\programming-c-2022-autumn\2023.10.20-Homework-3\Task1\Source.cpp(49,29): error C2259: "CountryHouse": невозможно создать экземпляр абстрактного класса
D:\programming-c-2022-autumn\2023.10.20-Homework-3\Task1\CountryHouse.h(3): message : см. объявление "CountryHouse"
D:\programming-c-2022-autumn\2023.10.20-Homework-3\Task1\Source.cpp(49,29): message : из-за следующих членов:
D:\programming-c-2022-autumn\2023.10.20-Homework-3\Task1\Source.cpp(49,29): message : double Building::GetFloor(void): абстрактный
D:\programming-c-2022-autumn\2023.10.20-Homework-3\Task1\Building.h(16): message : см. объявление "Building::GetFloor"
D:\programming-c-2022-autumn\2023.10.20-Homework-3\Task1\Source.cpp(49,29): message : double Building::GetComfortclass(void): абстрактный
D:\programming-c-2022-autumn\2023.10.20-Homework-3\Task1\Building.h(17): message : см. объявление "Building::GetComfortclass"
D:\programming-c-2022-autumn\2023.10.20-Homework-3\Task1\Source.cpp(49,29): message : void Building::SetFloor(int): абстрактный
D:\programming-c-2022-autumn\2023.10.20-Homework-3\Task1\Building.h(18): message : см. объявление "Building::SetFloor"
D:\programming-c-2022-autumn\2023.10.20-Homework-3\Task1\Source.cpp(49,29): message : void Building::SetComfortclass(int): абстрактный
D:\programming-c-2022-autumn\2023.10.20-Homework-3\Task1\Building.h(19): message : см. объявление "Building::SetComfortclass"
  Создание кода...
D:\programming-c-2022-autumn\2023.10.20-Homework-3\Task1\Appartment.cpp(14): warning C4715: Appartment::price: значение возвращается не при всех путях выполнения
